
*** Running vivado
    with args -log cpu.vds -m64 -product Vivado -mode batch -messageDb vivado.pb -notrace -source cpu.tcl


****** Vivado v2017.3 (64-bit)
  **** SW Build 2018833 on Wed Oct  4 19:58:07 MDT 2017
  **** IP Build 2016188 on Wed Oct  4 21:52:56 MDT 2017
    ** Copyright 1986-2017 Xilinx, Inc. All Rights Reserved.

source cpu.tcl -notrace
Starting RTL Elaboration : Time (s): cpu = 00:00:11 ; elapsed = 00:00:20 . Memory (MB): peak = 1265.270 ; gain = 87.996 ; free physical = 2768 ; free virtual = 11291
INFO: [Synth 8-638] synthesizing module 'cpu' [/home/hj/sequncer_v2/sequncer_v2.srcs/sources_1/ip/cpu/synth/cpu.v:60]
INFO: [Synth 8-638] synthesizing module 'bd_3914' [/home/hj/sequncer_v2/sequncer_v2.srcs/sources_1/ip/cpu/bd_0/synth/bd_3914.v:10]
INFO: [Synth 8-638] synthesizing module 'bd_3914_dlmb_0' [/home/hj/sequncer_v2/sequncer_v2.srcs/sources_1/ip/cpu/bd_0/ip/ip_3/synth/bd_3914_dlmb_0.vhd:89]
INFO: [Synth 8-638] synthesizing module 'lmb_v10' [/home/hj/sequncer_v2/sequncer_v2.srcs/sources_1/ip/cpu/bd_0/ip/ip_2/hdl/lmb_v10_v3_0_vh_rfs.vhd:140]
INFO: [Synth 8-638] synthesizing module 'FDS' [/opt/Xilinx/Vivado/2017.3/scripts/rt/data/unisim_comp.v:4087]
INFO: [Synth 8-256] done synthesizing module 'FDS' (1#1) [/opt/Xilinx/Vivado/2017.3/scripts/rt/data/unisim_comp.v:4087]
INFO: [Synth 8-256] done synthesizing module 'lmb_v10' (2#1) [/home/hj/sequncer_v2/sequncer_v2.srcs/sources_1/ip/cpu/bd_0/ip/ip_2/hdl/lmb_v10_v3_0_vh_rfs.vhd:140]
INFO: [Synth 8-256] done synthesizing module 'bd_3914_dlmb_0' (3#1) [/home/hj/sequncer_v2/sequncer_v2.srcs/sources_1/ip/cpu/bd_0/ip/ip_3/synth/bd_3914_dlmb_0.vhd:89]
INFO: [Synth 8-638] synthesizing module 'bd_3914_dlmb_cntlr_0' [/home/hj/sequncer_v2/sequncer_v2.srcs/sources_1/ip/cpu/bd_0/ip/ip_4/synth/bd_3914_dlmb_cntlr_0.vhd:84]
INFO: [Synth 8-638] synthesizing module 'lmb_bram_if_cntlr' [/home/hj/sequncer_v2/sequncer_v2.srcs/sources_1/ip/cpu/bd_0/ip/ip_4/hdl/lmb_bram_if_cntlr_v4_0_vh_rfs.vhd:3106]
INFO: [Synth 8-638] synthesizing module 'lmb_mux' [/home/hj/sequncer_v2/sequncer_v2.srcs/sources_1/ip/cpu/bd_0/ip/ip_4/hdl/lmb_bram_if_cntlr_v4_0_vh_rfs.vhd:2601]
INFO: [Synth 8-638] synthesizing module 'lmb_bram_if_cntlr_v4_0_13_pselect_mask' [/home/hj/sequncer_v2/sequncer_v2.srcs/sources_1/ip/cpu/bd_0/ip/ip_4/hdl/lmb_bram_if_cntlr_v4_0_vh_rfs.vhd:2121]
INFO: [Synth 8-256] done synthesizing module 'lmb_bram_if_cntlr_v4_0_13_pselect_mask' (4#1) [/home/hj/sequncer_v2/sequncer_v2.srcs/sources_1/ip/cpu/bd_0/ip/ip_4/hdl/lmb_bram_if_cntlr_v4_0_vh_rfs.vhd:2121]
INFO: [Synth 8-256] done synthesizing module 'lmb_mux' (5#1) [/home/hj/sequncer_v2/sequncer_v2.srcs/sources_1/ip/cpu/bd_0/ip/ip_4/hdl/lmb_bram_if_cntlr_v4_0_vh_rfs.vhd:2601]
INFO: [Synth 8-256] done synthesizing module 'lmb_bram_if_cntlr' (6#1) [/home/hj/sequncer_v2/sequncer_v2.srcs/sources_1/ip/cpu/bd_0/ip/ip_4/hdl/lmb_bram_if_cntlr_v4_0_vh_rfs.vhd:3106]
INFO: [Synth 8-256] done synthesizing module 'bd_3914_dlmb_cntlr_0' (7#1) [/home/hj/sequncer_v2/sequncer_v2.srcs/sources_1/ip/cpu/bd_0/ip/ip_4/synth/bd_3914_dlmb_cntlr_0.vhd:84]
INFO: [Synth 8-638] synthesizing module 'bd_3914_ilmb_0' [/home/hj/sequncer_v2/sequncer_v2.srcs/sources_1/ip/cpu/bd_0/ip/ip_2/synth/bd_3914_ilmb_0.vhd:89]
INFO: [Synth 8-638] synthesizing module 'lmb_v10__parameterized1' [/home/hj/sequncer_v2/sequncer_v2.srcs/sources_1/ip/cpu/bd_0/ip/ip_2/hdl/lmb_v10_v3_0_vh_rfs.vhd:140]
INFO: [Synth 8-256] done synthesizing module 'lmb_v10__parameterized1' (7#1) [/home/hj/sequncer_v2/sequncer_v2.srcs/sources_1/ip/cpu/bd_0/ip/ip_2/hdl/lmb_v10_v3_0_vh_rfs.vhd:140]
INFO: [Synth 8-256] done synthesizing module 'bd_3914_ilmb_0' (8#1) [/home/hj/sequncer_v2/sequncer_v2.srcs/sources_1/ip/cpu/bd_0/ip/ip_2/synth/bd_3914_ilmb_0.vhd:89]
INFO: [Synth 8-638] synthesizing module 'bd_3914_ilmb_cntlr_0' [/home/hj/sequncer_v2/sequncer_v2.srcs/sources_1/ip/cpu/bd_0/ip/ip_5/synth/bd_3914_ilmb_cntlr_0.vhd:84]
INFO: [Synth 8-638] synthesizing module 'lmb_bram_if_cntlr__parameterized1' [/home/hj/sequncer_v2/sequncer_v2.srcs/sources_1/ip/cpu/bd_0/ip/ip_4/hdl/lmb_bram_if_cntlr_v4_0_vh_rfs.vhd:3106]
INFO: [Synth 8-638] synthesizing module 'lmb_mux__parameterized1' [/home/hj/sequncer_v2/sequncer_v2.srcs/sources_1/ip/cpu/bd_0/ip/ip_4/hdl/lmb_bram_if_cntlr_v4_0_vh_rfs.vhd:2601]
INFO: [Synth 8-638] synthesizing module 'lmb_bram_if_cntlr_v4_0_13_pselect_mask__parameterized0' [/home/hj/sequncer_v2/sequncer_v2.srcs/sources_1/ip/cpu/bd_0/ip/ip_4/hdl/lmb_bram_if_cntlr_v4_0_vh_rfs.vhd:2121]
INFO: [Synth 8-256] done synthesizing module 'lmb_bram_if_cntlr_v4_0_13_pselect_mask__parameterized0' (8#1) [/home/hj/sequncer_v2/sequncer_v2.srcs/sources_1/ip/cpu/bd_0/ip/ip_4/hdl/lmb_bram_if_cntlr_v4_0_vh_rfs.vhd:2121]
INFO: [Synth 8-256] done synthesizing module 'lmb_mux__parameterized1' (8#1) [/home/hj/sequncer_v2/sequncer_v2.srcs/sources_1/ip/cpu/bd_0/ip/ip_4/hdl/lmb_bram_if_cntlr_v4_0_vh_rfs.vhd:2601]
INFO: [Synth 8-256] done synthesizing module 'lmb_bram_if_cntlr__parameterized1' (8#1) [/home/hj/sequncer_v2/sequncer_v2.srcs/sources_1/ip/cpu/bd_0/ip/ip_4/hdl/lmb_bram_if_cntlr_v4_0_vh_rfs.vhd:3106]
INFO: [Synth 8-256] done synthesizing module 'bd_3914_ilmb_cntlr_0' (9#1) [/home/hj/sequncer_v2/sequncer_v2.srcs/sources_1/ip/cpu/bd_0/ip/ip_5/synth/bd_3914_ilmb_cntlr_0.vhd:84]
INFO: [Synth 8-638] synthesizing module 'bd_3914_iomodule_0_0' [/home/hj/sequncer_v2/sequncer_v2.srcs/sources_1/ip/cpu/bd_0/ip/ip_7/synth/bd_3914_iomodule_0_0.vhd:88]
INFO: [Synth 8-638] synthesizing module 'iomodule' [/home/hj/sequncer_v2/sequncer_v2.srcs/sources_1/ip/cpu/bd_0/ip/ip_7/hdl/iomodule_v3_1_vh_rfs.vhd:8502]
INFO: [Synth 8-638] synthesizing module 'iomodule_v3_1_2_pselect_mask' [/home/hj/sequncer_v2/sequncer_v2.srcs/sources_1/ip/cpu/bd_0/ip/ip_7/hdl/iomodule_v3_1_vh_rfs.vhd:8147]
INFO: [Synth 8-256] done synthesizing module 'iomodule_v3_1_2_pselect_mask' (10#1) [/home/hj/sequncer_v2/sequncer_v2.srcs/sources_1/ip/cpu/bd_0/ip/ip_7/hdl/iomodule_v3_1_vh_rfs.vhd:8147]
INFO: [Synth 8-638] synthesizing module 'iomodule_v3_1_2_pselect_mask__parameterized0' [/home/hj/sequncer_v2/sequncer_v2.srcs/sources_1/ip/cpu/bd_0/ip/ip_7/hdl/iomodule_v3_1_vh_rfs.vhd:8147]
INFO: [Synth 8-256] done synthesizing module 'iomodule_v3_1_2_pselect_mask__parameterized0' (10#1) [/home/hj/sequncer_v2/sequncer_v2.srcs/sources_1/ip/cpu/bd_0/ip/ip_7/hdl/iomodule_v3_1_vh_rfs.vhd:8147]
INFO: [Synth 8-638] synthesizing module 'Iomodule_core' [/home/hj/sequncer_v2/sequncer_v2.srcs/sources_1/ip/cpu/bd_0/ip/ip_7/hdl/iomodule_v3_1_vh_rfs.vhd:6885]
INFO: [Synth 8-638] synthesizing module 'UART_Transmit' [/home/hj/sequncer_v2/sequncer_v2.srcs/sources_1/ip/cpu/bd_0/ip/ip_7/hdl/iomodule_v3_1_vh_rfs.vhd:5674]
INFO: [Synth 8-638] synthesizing module 'XIL_SRL16E' [/home/hj/sequncer_v2/sequncer_v2.srcs/sources_1/ip/cpu/bd_0/ip/ip_7/hdl/iomodule_v3_1_vh_rfs.vhd:690]
INFO: [Synth 8-256] done synthesizing module 'XIL_SRL16E' (11#1) [/home/hj/sequncer_v2/sequncer_v2.srcs/sources_1/ip/cpu/bd_0/ip/ip_7/hdl/iomodule_v3_1_vh_rfs.vhd:690]
INFO: [Synth 8-638] synthesizing module 'iomodule_v3_1_2_MB_FDRE' [/home/hj/sequncer_v2/sequncer_v2.srcs/sources_1/ip/cpu/bd_0/ip/ip_7/hdl/iomodule_v3_1_vh_rfs.vhd:1035]
INFO: [Synth 8-256] done synthesizing module 'iomodule_v3_1_2_MB_FDRE' (12#1) [/home/hj/sequncer_v2/sequncer_v2.srcs/sources_1/ip/cpu/bd_0/ip/ip_7/hdl/iomodule_v3_1_vh_rfs.vhd:1035]
INFO: [Synth 8-638] synthesizing module 'iomodule_v3_1_2_MB_MUXCY' [/home/hj/sequncer_v2/sequncer_v2.srcs/sources_1/ip/cpu/bd_0/ip/ip_7/hdl/iomodule_v3_1_vh_rfs.vhd:836]
INFO: [Synth 8-256] done synthesizing module 'iomodule_v3_1_2_MB_MUXCY' (13#1) [/home/hj/sequncer_v2/sequncer_v2.srcs/sources_1/ip/cpu/bd_0/ip/ip_7/hdl/iomodule_v3_1_vh_rfs.vhd:836]
INFO: [Synth 8-638] synthesizing module 'iomodule_v3_1_2_MB_XORCY' [/home/hj/sequncer_v2/sequncer_v2.srcs/sources_1/ip/cpu/bd_0/ip/ip_7/hdl/iomodule_v3_1_vh_rfs.vhd:877]
INFO: [Synth 8-256] done synthesizing module 'iomodule_v3_1_2_MB_XORCY' (14#1) [/home/hj/sequncer_v2/sequncer_v2.srcs/sources_1/ip/cpu/bd_0/ip/ip_7/hdl/iomodule_v3_1_vh_rfs.vhd:877]
INFO: [Synth 8-638] synthesizing module 'MB_MUXF5' [/home/hj/sequncer_v2/sequncer_v2.srcs/sources_1/ip/cpu/bd_0/ip/ip_7/hdl/iomodule_v3_1_vh_rfs.vhd:1266]
INFO: [Synth 8-256] done synthesizing module 'MB_MUXF5' (15#1) [/home/hj/sequncer_v2/sequncer_v2.srcs/sources_1/ip/cpu/bd_0/ip/ip_7/hdl/iomodule_v3_1_vh_rfs.vhd:1266]
INFO: [Synth 8-638] synthesizing module 'MB_MUXF6' [/home/hj/sequncer_v2/sequncer_v2.srcs/sources_1/ip/cpu/bd_0/ip/ip_7/hdl/iomodule_v3_1_vh_rfs.vhd:1308]
INFO: [Synth 8-256] done synthesizing module 'MB_MUXF6' (16#1) [/home/hj/sequncer_v2/sequncer_v2.srcs/sources_1/ip/cpu/bd_0/ip/ip_7/hdl/iomodule_v3_1_vh_rfs.vhd:1308]
INFO: [Synth 8-256] done synthesizing module 'UART_Transmit' (17#1) [/home/hj/sequncer_v2/sequncer_v2.srcs/sources_1/ip/cpu/bd_0/ip/ip_7/hdl/iomodule_v3_1_vh_rfs.vhd:5674]
INFO: [Synth 8-638] synthesizing module 'UART_Receive' [/home/hj/sequncer_v2/sequncer_v2.srcs/sources_1/ip/cpu/bd_0/ip/ip_7/hdl/iomodule_v3_1_vh_rfs.vhd:4739]
INFO: [Synth 8-638] synthesizing module 'XIL_SRL16E__parameterized1' [/home/hj/sequncer_v2/sequncer_v2.srcs/sources_1/ip/cpu/bd_0/ip/ip_7/hdl/iomodule_v3_1_vh_rfs.vhd:690]
INFO: [Synth 8-256] done synthesizing module 'XIL_SRL16E__parameterized1' (17#1) [/home/hj/sequncer_v2/sequncer_v2.srcs/sources_1/ip/cpu/bd_0/ip/ip_7/hdl/iomodule_v3_1_vh_rfs.vhd:690]
INFO: [Synth 8-638] synthesizing module 'iomodule_v3_1_2_MB_FDSE' [/home/hj/sequncer_v2/sequncer_v2.srcs/sources_1/ip/cpu/bd_0/ip/ip_7/hdl/iomodule_v3_1_vh_rfs.vhd:1102]
INFO: [Synth 8-256] done synthesizing module 'iomodule_v3_1_2_MB_FDSE' (18#1) [/home/hj/sequncer_v2/sequncer_v2.srcs/sources_1/ip/cpu/bd_0/ip/ip_7/hdl/iomodule_v3_1_vh_rfs.vhd:1102]
INFO: [Synth 8-256] done synthesizing module 'UART_Receive' (19#1) [/home/hj/sequncer_v2/sequncer_v2.srcs/sources_1/ip/cpu/bd_0/ip/ip_7/hdl/iomodule_v3_1_vh_rfs.vhd:4739]
INFO: [Synth 8-638] synthesizing module 'FIT_Module' [/home/hj/sequncer_v2/sequncer_v2.srcs/sources_1/ip/cpu/bd_0/ip/ip_7/hdl/iomodule_v3_1_vh_rfs.vhd:2190]
INFO: [Synth 8-638] synthesizing module 'Divide_part' [/home/hj/sequncer_v2/sequncer_v2.srcs/sources_1/ip/cpu/bd_0/ip/ip_7/hdl/iomodule_v3_1_vh_rfs.vhd:1822]
INFO: [Synth 8-256] done synthesizing module 'Divide_part' (20#1) [/home/hj/sequncer_v2/sequncer_v2.srcs/sources_1/ip/cpu/bd_0/ip/ip_7/hdl/iomodule_v3_1_vh_rfs.vhd:1822]
INFO: [Synth 8-638] synthesizing module 'Divide_part__parameterized0' [/home/hj/sequncer_v2/sequncer_v2.srcs/sources_1/ip/cpu/bd_0/ip/ip_7/hdl/iomodule_v3_1_vh_rfs.vhd:1822]
INFO: [Synth 8-256] done synthesizing module 'Divide_part__parameterized0' (20#1) [/home/hj/sequncer_v2/sequncer_v2.srcs/sources_1/ip/cpu/bd_0/ip/ip_7/hdl/iomodule_v3_1_vh_rfs.vhd:1822]
INFO: [Synth 8-256] done synthesizing module 'FIT_Module' (21#1) [/home/hj/sequncer_v2/sequncer_v2.srcs/sources_1/ip/cpu/bd_0/ip/ip_7/hdl/iomodule_v3_1_vh_rfs.vhd:2190]
INFO: [Synth 8-638] synthesizing module 'Uart_Control_Status' [/home/hj/sequncer_v2/sequncer_v2.srcs/sources_1/ip/cpu/bd_0/ip/ip_7/hdl/iomodule_v3_1_vh_rfs.vhd:4434]
INFO: [Synth 8-256] done synthesizing module 'Uart_Control_Status' (22#1) [/home/hj/sequncer_v2/sequncer_v2.srcs/sources_1/ip/cpu/bd_0/ip/ip_7/hdl/iomodule_v3_1_vh_rfs.vhd:4434]
INFO: [Synth 8-638] synthesizing module 'FIT_Module__parameterized1' [/home/hj/sequncer_v2/sequncer_v2.srcs/sources_1/ip/cpu/bd_0/ip/ip_7/hdl/iomodule_v3_1_vh_rfs.vhd:2190]
INFO: [Synth 8-256] done synthesizing module 'FIT_Module__parameterized1' (22#1) [/home/hj/sequncer_v2/sequncer_v2.srcs/sources_1/ip/cpu/bd_0/ip/ip_7/hdl/iomodule_v3_1_vh_rfs.vhd:2190]
INFO: [Synth 8-638] synthesizing module 'PIT_Module' [/home/hj/sequncer_v2/sequncer_v2.srcs/sources_1/ip/cpu/bd_0/ip/ip_7/hdl/iomodule_v3_1_vh_rfs.vhd:3888]
INFO: [Synth 8-256] done synthesizing module 'PIT_Module' (23#1) [/home/hj/sequncer_v2/sequncer_v2.srcs/sources_1/ip/cpu/bd_0/ip/ip_7/hdl/iomodule_v3_1_vh_rfs.vhd:3888]
INFO: [Synth 8-638] synthesizing module 'GPO_Module' [/home/hj/sequncer_v2/sequncer_v2.srcs/sources_1/ip/cpu/bd_0/ip/ip_7/hdl/iomodule_v3_1_vh_rfs.vhd:2870]
INFO: [Synth 8-256] done synthesizing module 'GPO_Module' (24#1) [/home/hj/sequncer_v2/sequncer_v2.srcs/sources_1/ip/cpu/bd_0/ip/ip_7/hdl/iomodule_v3_1_vh_rfs.vhd:2870]
INFO: [Synth 8-638] synthesizing module 'GPO_Module__parameterized1' [/home/hj/sequncer_v2/sequncer_v2.srcs/sources_1/ip/cpu/bd_0/ip/ip_7/hdl/iomodule_v3_1_vh_rfs.vhd:2870]
INFO: [Synth 8-256] done synthesizing module 'GPO_Module__parameterized1' (24#1) [/home/hj/sequncer_v2/sequncer_v2.srcs/sources_1/ip/cpu/bd_0/ip/ip_7/hdl/iomodule_v3_1_vh_rfs.vhd:2870]
INFO: [Synth 8-638] synthesizing module 'GPI_Module' [/home/hj/sequncer_v2/sequncer_v2.srcs/sources_1/ip/cpu/bd_0/ip/ip_7/hdl/iomodule_v3_1_vh_rfs.vhd:2694]
INFO: [Synth 8-256] done synthesizing module 'GPI_Module' (25#1) [/home/hj/sequncer_v2/sequncer_v2.srcs/sources_1/ip/cpu/bd_0/ip/ip_7/hdl/iomodule_v3_1_vh_rfs.vhd:2694]
INFO: [Synth 8-638] synthesizing module 'intr_ctrl' [/home/hj/sequncer_v2/sequncer_v2.srcs/sources_1/ip/cpu/bd_0/ip/ip_7/hdl/iomodule_v3_1_vh_rfs.vhd:3070]
INFO: [Synth 8-638] synthesizing module 'iomodule_v3_1_2_MB_FDR' [/home/hj/sequncer_v2/sequncer_v2.srcs/sources_1/ip/cpu/bd_0/ip/ip_7/hdl/iomodule_v3_1_vh_rfs.vhd:969]
INFO: [Synth 8-256] done synthesizing module 'iomodule_v3_1_2_MB_FDR' (26#1) [/home/hj/sequncer_v2/sequncer_v2.srcs/sources_1/ip/cpu/bd_0/ip/ip_7/hdl/iomodule_v3_1_vh_rfs.vhd:969]
INFO: [Synth 8-256] done synthesizing module 'intr_ctrl' (27#1) [/home/hj/sequncer_v2/sequncer_v2.srcs/sources_1/ip/cpu/bd_0/ip/ip_7/hdl/iomodule_v3_1_vh_rfs.vhd:3070]
INFO: [Synth 8-256] done synthesizing module 'Iomodule_core' (28#1) [/home/hj/sequncer_v2/sequncer_v2.srcs/sources_1/ip/cpu/bd_0/ip/ip_7/hdl/iomodule_v3_1_vh_rfs.vhd:6885]
INFO: [Synth 8-256] done synthesizing module 'iomodule' (29#1) [/home/hj/sequncer_v2/sequncer_v2.srcs/sources_1/ip/cpu/bd_0/ip/ip_7/hdl/iomodule_v3_1_vh_rfs.vhd:8502]
INFO: [Synth 8-256] done synthesizing module 'bd_3914_iomodule_0_0' (30#1) [/home/hj/sequncer_v2/sequncer_v2.srcs/sources_1/ip/cpu/bd_0/ip/ip_7/synth/bd_3914_iomodule_0_0.vhd:88]
INFO: [Synth 8-638] synthesizing module 'bd_3914_lmb_bram_I_0' [/home/hj/sequncer_v2/sequncer_v2.srcs/sources_1/ip/cpu/bd_0/ip/ip_6/synth/bd_3914_lmb_bram_I_0.vhd:80]
INFO: [Synth 8-256] done synthesizing module 'bd_3914_lmb_bram_I_0' (41#1) [/home/hj/sequncer_v2/sequncer_v2.srcs/sources_1/ip/cpu/bd_0/ip/ip_6/synth/bd_3914_lmb_bram_I_0.vhd:80]
INFO: [Synth 8-638] synthesizing module 'bd_3914_microblaze_I_0' [/home/hj/sequncer_v2/sequncer_v2.srcs/sources_1/ip/cpu/bd_0/ip/ip_0/synth/bd_3914_microblaze_I_0.vhd:88]
INFO: [Synth 8-256] done synthesizing module 'bd_3914_microblaze_I_0' (89#1) [/home/hj/sequncer_v2/sequncer_v2.srcs/sources_1/ip/cpu/bd_0/ip/ip_0/synth/bd_3914_microblaze_I_0.vhd:88]
INFO: [Synth 8-638] synthesizing module 'bd_3914_rst_0_0' [/home/hj/sequncer_v2/sequncer_v2.srcs/sources_1/ip/cpu/bd_0/ip/ip_1/synth/bd_3914_rst_0_0.vhd:74]
INFO: [Synth 8-638] synthesizing module 'proc_sys_reset' [/home/hj/sequncer_v2/sequncer_v2.srcs/sources_1/ip/cpu/bd_0/ip/ip_1/hdl/proc_sys_reset_v5_0_vh_rfs.vhd:1323]
INFO: [Synth 8-638] synthesizing module 'lpf' [/home/hj/sequncer_v2/sequncer_v2.srcs/sources_1/ip/cpu/bd_0/ip/ip_1/hdl/proc_sys_reset_v5_0_vh_rfs.vhd:816]
INFO: [Synth 8-638] synthesizing module 'SRL16' [/opt/Xilinx/Vivado/2017.3/scripts/rt/data/unisim_comp.v:50689]
INFO: [Synth 8-256] done synthesizing module 'SRL16' (90#1) [/opt/Xilinx/Vivado/2017.3/scripts/rt/data/unisim_comp.v:50689]
INFO: [Synth 8-638] synthesizing module 'cdc_sync' [/home/hj/sequncer_v2/sequncer_v2.srcs/sources_1/ip/cpu/bd_0/ip/ip_1/hdl/lib_cdc_v1_0_rfs.vhd:106]
INFO: [Synth 8-256] done synthesizing module 'cdc_sync' (91#1) [/home/hj/sequncer_v2/sequncer_v2.srcs/sources_1/ip/cpu/bd_0/ip/ip_1/hdl/lib_cdc_v1_0_rfs.vhd:106]
INFO: [Synth 8-256] done synthesizing module 'lpf' (92#1) [/home/hj/sequncer_v2/sequncer_v2.srcs/sources_1/ip/cpu/bd_0/ip/ip_1/hdl/proc_sys_reset_v5_0_vh_rfs.vhd:816]
INFO: [Synth 8-638] synthesizing module 'sequence_psr' [/home/hj/sequncer_v2/sequncer_v2.srcs/sources_1/ip/cpu/bd_0/ip/ip_1/hdl/proc_sys_reset_v5_0_vh_rfs.vhd:301]
INFO: [Synth 8-638] synthesizing module 'upcnt_n' [/home/hj/sequncer_v2/sequncer_v2.srcs/sources_1/ip/cpu/bd_0/ip/ip_1/hdl/proc_sys_reset_v5_0_vh_rfs.vhd:125]
INFO: [Synth 8-256] done synthesizing module 'upcnt_n' (93#1) [/home/hj/sequncer_v2/sequncer_v2.srcs/sources_1/ip/cpu/bd_0/ip/ip_1/hdl/proc_sys_reset_v5_0_vh_rfs.vhd:125]
INFO: [Synth 8-256] done synthesizing module 'sequence_psr' (94#1) [/home/hj/sequncer_v2/sequncer_v2.srcs/sources_1/ip/cpu/bd_0/ip/ip_1/hdl/proc_sys_reset_v5_0_vh_rfs.vhd:301]
INFO: [Synth 8-256] done synthesizing module 'proc_sys_reset' (95#1) [/home/hj/sequncer_v2/sequncer_v2.srcs/sources_1/ip/cpu/bd_0/ip/ip_1/hdl/proc_sys_reset_v5_0_vh_rfs.vhd:1323]
INFO: [Synth 8-256] done synthesizing module 'bd_3914_rst_0_0' (96#1) [/home/hj/sequncer_v2/sequncer_v2.srcs/sources_1/ip/cpu/bd_0/ip/ip_1/synth/bd_3914_rst_0_0.vhd:74]
INFO: [Synth 8-256] done synthesizing module 'bd_3914' (97#1) [/home/hj/sequncer_v2/sequncer_v2.srcs/sources_1/ip/cpu/bd_0/synth/bd_3914.v:10]
INFO: [Synth 8-256] done synthesizing module 'cpu' (98#1) [/home/hj/sequncer_v2/sequncer_v2.srcs/sources_1/ip/cpu/synth/cpu.v:60]
Finished RTL Elaboration : Time (s): cpu = 00:01:43 ; elapsed = 00:02:00 . Memory (MB): peak = 1655.855 ; gain = 478.582 ; free physical = 2719 ; free virtual = 11240
Finished RTL Optimization Phase 1 : Time (s): cpu = 00:01:44 ; elapsed = 00:02:00 . Memory (MB): peak = 1655.855 ; gain = 478.582 ; free physical = 2746 ; free virtual = 11256
INFO: [Device 21-403] Loading part xc7s50csga324-1
Constraint Validation Runtime : Time (s): cpu = 00:00:00.06 ; elapsed = 00:00:00.02 . Memory (MB): peak = 1848.879 ; gain = 0.000 ; free physical = 2502 ; free virtual = 11017
Finished Constraint Validation : Time (s): cpu = 00:02:03 ; elapsed = 00:02:25 . Memory (MB): peak = 1848.879 ; gain = 671.605 ; free physical = 2627 ; free virtual = 11129
Finished Loading Part and Timing Information : Time (s): cpu = 00:02:03 ; elapsed = 00:02:25 . Memory (MB): peak = 1848.879 ; gain = 671.605 ; free physical = 2627 ; free virtual = 11129
Finished applying 'set_property' XDC Constraints : Time (s): cpu = 00:02:04 ; elapsed = 00:02:25 . Memory (MB): peak = 1848.879 ; gain = 671.605 ; free physical = 2631 ; free virtual = 11132
Finished RTL Optimization Phase 2 : Time (s): cpu = 00:02:07 ; elapsed = 00:02:29 . Memory (MB): peak = 1848.879 ; gain = 671.605 ; free physical = 2708 ; free virtual = 11219
Finished Cross Boundary and Area Optimization : Time (s): cpu = 00:02:11 ; elapsed = 00:02:33 . Memory (MB): peak = 1848.879 ; gain = 671.605 ; free physical = 2703 ; free virtual = 11213
Finished Applying XDC Timing Constraints : Time (s): cpu = 00:02:16 ; elapsed = 00:02:40 . Memory (MB): peak = 1848.879 ; gain = 671.605 ; free physical = 2601 ; free virtual = 11103
Finished Timing Optimization : Time (s): cpu = 00:02:17 ; elapsed = 00:02:42 . Memory (MB): peak = 1848.879 ; gain = 671.605 ; free physical = 2576 ; free virtual = 11093
Finished Technology Mapping : Time (s): cpu = 00:02:18 ; elapsed = 00:02:43 . Memory (MB): peak = 1848.879 ; gain = 671.605 ; free physical = 2567 ; free virtual = 11084
Finished IO Insertion : Time (s): cpu = 00:02:18 ; elapsed = 00:02:43 . Memory (MB): peak = 1848.879 ; gain = 671.605 ; free physical = 2572 ; free virtual = 11084
Finished Renaming Generated Instances : Time (s): cpu = 00:02:18 ; elapsed = 00:02:43 . Memory (MB): peak = 1848.879 ; gain = 671.605 ; free physical = 2572 ; free virtual = 11084
Finished Rebuilding User Hierarchy : Time (s): cpu = 00:02:19 ; elapsed = 00:02:44 . Memory (MB): peak = 1848.879 ; gain = 671.605 ; free physical = 2531 ; free virtual = 11082
Finished Renaming Generated Ports : Time (s): cpu = 00:02:19 ; elapsed = 00:02:44 . Memory (MB): peak = 1848.879 ; gain = 671.605 ; free physical = 2530 ; free virtual = 11081
Finished Handling Custom Attributes : Time (s): cpu = 00:02:19 ; elapsed = 00:02:44 . Memory (MB): peak = 1848.879 ; gain = 671.605 ; free physical = 2530 ; free virtual = 11081
Finished Renaming Generated Nets : Time (s): cpu = 00:02:19 ; elapsed = 00:02:44 . Memory (MB): peak = 1848.879 ; gain = 671.605 ; free physical = 2530 ; free virtual = 11081

Report Cell Usage: 
+------+---------+------+
|      |Cell     |Count |
+------+---------+------+
|1     |LUT1     |    16|
|2     |LUT2     |    70|
|3     |LUT3     |    82|
|4     |LUT4     |   228|
|5     |LUT5     |    87|
|6     |LUT6     |    97|
|7     |LUT6_2   |    81|
|8     |MULT_AND |     2|
|9     |MUXCY_L  |    75|
|10    |MUXF5    |     2|
|11    |MUXF6    |     1|
|12    |MUXF7    |    32|
|13    |RAM32X1D |    64|
|14    |RAMB36E1 |    32|
|15    |SRL16    |     1|
|16    |SRL16E   |    54|
|17    |XORCY    |    53|
|18    |FD       |    32|
|19    |FDE      |    47|
|20    |FDR      |     9|
|21    |FDRE     |   829|
|22    |FDS      |     5|
|23    |FDSE     |    30|
+------+---------+------+
Finished Writing Synthesis Report : Time (s): cpu = 00:02:19 ; elapsed = 00:02:44 . Memory (MB): peak = 1848.879 ; gain = 671.605 ; free physical = 2530 ; free virtual = 11081
synth_design: Time (s): cpu = 00:02:21 ; elapsed = 00:02:46 . Memory (MB): peak = 1848.879 ; gain = 684.980 ; free physical = 2583 ; free virtual = 11137
